08-04 21:39:38 com_github_MitjaNemec_ReplicateLayout.action_replicate_layout 295:Plugin executed on: 'win32'
08-04 21:39:38 com_github_MitjaNemec_ReplicateLayout.action_replicate_layout 296:Plugin executed with python version: '3.9.10 (main, Jul 19 2022, 05:36:50) [MSC v.1932 64 bit (AMD64)]'
08-04 21:39:38 com_github_MitjaNemec_ReplicateLayout.action_replicate_layout 297:KiCad build version: (6.0.7)
08-04 21:39:38 com_github_MitjaNemec_ReplicateLayout.action_replicate_layout 298:Plugin version: 1.1.2
08-04 21:39:38 com_github_MitjaNemec_ReplicateLayout.action_replicate_layout 299:Frame repr: <wx._core.Frame object at 0x0000024D915379D0>
08-04 21:39:38 com_github_MitjaNemec_ReplicateLayout.action_replicate_layout 323:Preparing replicator with U6 as a reference
08-04 21:39:38 com_github_MitjaNemec_ReplicateLayout.replicate_layout 98:getting a list of all footprints on board
08-04 21:39:38 com_github_MitjaNemec_ReplicateLayout.action_replicate_layout 351:source anchor footprint is 'U6'
Located on: ['Gate_driver_phase_U']
With filenames: ['Gate_driver_phase_U.kicad_sch']
With sheet_id:['Gate_driver_phase_U']
08-04 21:39:38 com_github_MitjaNemec_ReplicateLayout.action_replicate_layout 358:Corresponding footprints are 
[('U6', ['Gate_driver_phase_U'])]
08-04 21:39:38 com_github_MitjaNemec_ReplicateLayout.action_replicate_layout 370:Showing dialog
08-04 21:39:38 com_github_MitjaNemec_ReplicateLayout.action_replicate_layout 376:Toolbar position: wx.Point(3802, 88)
08-04 21:39:38 com_github_MitjaNemec_ReplicateLayout.action_replicate_layout 382:Dialog position: wx.Point(3438, 88)
08-04 21:40:23 com_github_MitjaNemec_ReplicateLayout.replicate_layout 335:constructing a list of sheets suitable for replication on level:'Gate_driver_phase_U', file:'Gate_driver_phase_U.kicad_sch'
08-04 21:40:23 com_github_MitjaNemec_ReplicateLayout.replicate_layout 372:suitable sheets are:[]
08-04 21:40:26 com_github_MitjaNemec_ReplicateLayout.replicate_layout 335:constructing a list of sheets suitable for replication on level:'Gate_driver_phase_U', file:'Gate_driver_phase_U.kicad_sch'
08-04 21:40:26 com_github_MitjaNemec_ReplicateLayout.replicate_layout 372:suitable sheets are:[]
08-04 21:40:26 com_github_MitjaNemec_ReplicateLayout.replicate_layout 335:constructing a list of sheets suitable for replication on level:'Gate_driver_phase_U', file:'Gate_driver_phase_U.kicad_sch'
08-04 21:40:26 com_github_MitjaNemec_ReplicateLayout.replicate_layout 372:suitable sheets are:[]
08-04 21:40:29 com_github_MitjaNemec_ReplicateLayout.replicate_layout 335:constructing a list of sheets suitable for replication on level:'Gate_driver_phase_U', file:'Gate_driver_phase_U.kicad_sch'
08-04 21:40:29 com_github_MitjaNemec_ReplicateLayout.replicate_layout 372:suitable sheets are:[]
08-04 21:40:33 com_github_MitjaNemec_ReplicateLayout.replicate_layout 335:constructing a list of sheets suitable for replication on level:'Gate_driver_phase_U', file:'Gate_driver_phase_U.kicad_sch'
08-04 21:40:33 com_github_MitjaNemec_ReplicateLayout.replicate_layout 372:suitable sheets are:[]
08-04 21:40:33 com_github_MitjaNemec_ReplicateLayout.action_replicate_layout 145:Replicating layout
08-04 21:40:33 com_github_MitjaNemec_ReplicateLayout.replicate_layout 146:Starting replication of sheets: []
on level: []
with tracks=False, zone=False, text=False, containing=True, remove=False, locked=False, by_group=True
08-04 21:40:33 root 235:updating GUI message: 'Preparing for replication'
08-04 21:40:33 root 240:updating GUI with: 0
08-04 21:40:33 com_github_MitjaNemec_ReplicateLayout.replicate_layout 215:Getting the list of source footprints
08-04 21:40:33 com_github_MitjaNemec_ReplicateLayout.replicate_layout 230:Getting the list of all the remaining footprints
08-04 21:40:33 com_github_MitjaNemec_ReplicateLayout.replicate_layout 235:Getting nets local to source footprints
08-04 21:40:33 com_github_MitjaNemec_ReplicateLayout.replicate_layout 238:Getting source bounding box
